rm: cannot remove ‘HTTP*’: No such file or directory
rm: cannot remove ‘tmp*’: No such file or directory
File ‘MERRA2_400.tavg1_2d_slv_Nx.20190101.nc4.nc4?T2M[0:23][0:100][0:575],time,lat[0:100],lon[0:575]’ already there; not retrieving.

--2020-04-03 14:58:53--  https://goldsmr4.gesdisc.eosdis.nasa.gov/opendap/MERRA2/M2T1NXSLV.5.12.4/2019/01/MERRA2_400.tavg1_2d_slv_Nx.20190102.nc4.nc4?T2M[0:23][0:100][0:575],time,lat[0:100],lon[0:575]
Resolving goldsmr4.gesdisc.eosdis.nasa.gov (goldsmr4.gesdisc.eosdis.nasa.gov)... 198.118.197.95, 2001:4d0:241a:4041::95
Connecting to goldsmr4.gesdisc.eosdis.nasa.gov (goldsmr4.gesdisc.eosdis.nasa.gov)|198.118.197.95|:443... connected.
HTTP request sent, awaiting response... 200 OK
Length: unspecified [application/x-netcdf]
Saving to: ‘MERRA2_400.tavg1_2d_slv_Nx.20190102.nc4.nc4?T2M[0:23][0:100][0:575],time,lat[0:100],lon[0:575]’

     0K .......... .......... .......... .......... ..........  381K
    50K .......... .......... .......... .......... ..........  999K
   100K .......... .......... .......... .......... ..........  603K
   150K .......... .......... .......... .......... ..........  790K
   200K .......... .......... .......... .......... .......... 1.02M
   250K .......... .......... .......... .......... .......... 1.16M
   300K .......... .......... .......... .......... .......... 1.16M
   350K .......... .......... .......... .......... .......... 1.15M
   400K .......... .......... .......... .......... .......... 1.08M
   450K .......... .......... .......... .......... .......... 1.07M
   500K .......... .......... .......... .......... .......... 1.16M
   550K .......... .......... .......... .......... .......... 1.16M
   600K .......... .......... .......... .......... ..........  971K
   650K .......... .......... .......... .......... .......... 1.01M
   700K .......... .......... .......... .......... .......... 1.13M
   750K .......... .......... .......... .......... .......... 1.16M
   800K .......... .......... .......... .......... .......... 50.0M
   850K .......... .......... .......... .......... .......... 1.14M
   900K .......... .......... .......... .......... .......... 1.11M
   950K .......... .......... .......... .......... .......... 1.13M
  1000K .......... .......... .......... .......... .......... 1.16M
  1050K .......... .......... .......... .......... .......... 1.17M
  1100K .......... .......... .......... .......... ..........  928K
  1150K .......... .......... .......... .......... ..........  969K
  1200K .......... .......... .......... .......... .......... 1.15M
  1250K .......... .......... .......... .......... .......... 1.16M
  1300K .......... .......... .......... .......... ..........  811K
  1350K .......... .......... .......... .......... .......... 1.01M
  1400K .......... .......... .......... .......... .......... 1.16M
  1450K .......... .......... .......... .......... .......... 1.43M
  1500K .......... .......... .......... .......... .......... 5.47M
  1550K .......... .......... .......... .......... .......... 1.16M
  1600K .......... .......... .......... .......... .......... 1.16M
  1650K .......... .......... .......... .......... .......... 1.17M
  1700K .......... .......... .......... .......... .......... 1.17M
  1750K .......... .......... .......... .......... .......... 1.16M
  1800K .......... .......... .......... .......... ..........  861K
  1850K .......... .......... .......... .......... .......... 1016K
  1900K .......... .......... .......... .......... .......... 1.15M
  1950K .......... .......... .......... .......... .......... 22.0M
  2000K .......... .......... .......... .......... .......... 1.15M
  2050K .......... .......... .......... .......... ..........  810K
  2100K .......... .......... .......... .......... .......... 1.04M
  2150K .......... .......... .......... .......... .......... 1.15M
  2200K .......... .......... .......... .......... .......... 1.17M
  2250K .......... .......... .......... .......... .......... 3.02M
  2300K .......... .......... .......... .......... ..........  915K
  2350K .......... .......... .......... .......... .......... 2.83M
  2400K .......... .......... .......... .......... .......... 1.11M
  2450K .......... .......... .......... .......... .......... 1.16M
  2500K .......... .......... .......... .......... .......... 1.17M
  2550K .......... .......... .......... .......... ..........  918K
  2600K .......... .......... .......... .......... .......... 2.44M
  2650K .......... .......... .......... .......... .......... 1.16M
  2700K .......... .......... .......... .......... .......... 1.74M
  2750K .......... .......... .......... .......... .......... 1.15M
  2800K .......... .......... .......... .......... .......... 1.17M
  2850K .......... .......... .......... .......... .......... 1.12M
  2900K .......... .......... .......... .......... .......... 1.15M
  2950K .......... .......... .......... .......... .......... 89.5M
  3000K .......... .......... .......                           651K=2.6s

2020-04-03 14:59:04 (1.12 MB/s) - ‘MERRA2_400.tavg1_2d_slv_Nx.20190102.nc4.nc4?T2M[0:23][0:100][0:575],time,lat[0:100],lon[0:575]’ saved [3099854]

--2020-04-03 14:59:04--  https://goldsmr4.gesdisc.eosdis.nasa.gov/opendap/MERRA2/M2T1NXSLV.5.12.4/2019/01/MERRA2_400.tavg1_2d_slv_Nx.20190103.nc4.nc4?T2M[0:23][0:100][0:575],time,lat[0:100],lon[0:575]
Connecting to goldsmr4.gesdisc.eosdis.nasa.gov (goldsmr4.gesdisc.eosdis.nasa.gov)|198.118.197.95|:443... connected.
HTTP request sent, awaiting response... 200 OK
Length: unspecified [application/x-netcdf]
Saving to: ‘MERRA2_400.tavg1_2d_slv_Nx.20190103.nc4.nc4?T2M[0:23][0:100][0:575],time,lat[0:100],lon[0:575]’

     0K .......... .......... .......... .......... ..........  400K
    50K .......... .......... .......... .......... .......... 1.14M
   100K .......... .......... .......... .......... ..........  594K
   150K .......... .......... .......... .......... .......... 1.16M
   200K .......... .......... .......... .......... .......... 1.17M
   250K .......... .......... .......... .......... .......... 15.5M
   300K .......... .......... .......... .......... ..........  864K
   350K .......... .......... .......... .......... .......... 2.30M
   400K .......... .......... .......... .......... .......... 2.32M
   450K .......... .......... .......... .......... .......... 95.4M
   500K .......... .......... .......... .......... .......... 1.18M
   550K .......... .......... .......... .......... .......... 40.0M
   600K .......... .......... .......... .......... .......... 1.25M
   650K .......... .......... .......... .......... .......... 20.9M
   700K .......... .......... .......... .......... .......... 1.22M
   750K .......... .......... .......... .......... .......... 17.8M
   800K .......... .......... .......... .......... .......... 54.4M
   850K .......... .......... .......... .......... .......... 1.22M
   900K .......... .......... .......... .......... .......... 15.7M
   950K .......... .......... .......... .......... ..........  119M
  1000K .......... .......... .......... .......... ..........  119M
  1050K .......... .......... .......... .......... .......... 1.25M
  1100K .......... .......... .......... .......... .......... 15.0M
  1150K .......... .......... .......... .......... .......... 71.6M
  1200K .......... .......... .......... .......... .......... 64.3M
  1250K .......... .......... .......... .......... .......... 1.32M
  1300K .......... .......... .......... .......... .......... 16.7M
  1350K .......... .......... .......... .......... .......... 63.9M
  1400K .......... .......... .......... .......... .......... 63.8M
  1450K .......... .......... .......... .......... .......... 83.2M
  1500K .......... .......... .......... .......... .......... 1.86M
  1550K .......... .......... .......... .......... .......... 3.52M
  1600K .......... .......... .......... .......... .......... 31.5M
  1650K .......... .......... .......... .......... .......... 52.3M
  1700K .......... .......... .......... .......... .......... 81.8M
  1750K .......... .......... .......... .......... .......... 51.8M
  1800K .......... .......... .......... .......... .......... 2.03M
  1850K .......... .......... .......... .......... .......... 1.60M
  1900K .......... .......... .......... .......... .......... 95.5M
  1950K .......... .......... .......... .......... ..........  128M
  2000K .......... .......... .......... .......... ..........  128M
  2050K .......... .......... .......... .......... ..........  128M
  2100K .......... .......... .......... .......... .......... 98.9M
  2150K .......... .......... .......... .......... .......... 4.09M
  2200K .......... .......... .......... .......... .......... 1.86M
  2250K .......... .......... .......... .......... .......... 26.7M
  2300K .......... .......... .......... .......... ..........  106M
  2350K .......... .......... .......... .......... ..........  109M
  2400K .......... .......... .......... .......... ..........  131M
  2450K .......... .......... .......... .......... ..........  104M
  2500K .......... .......... .......... .......... ..........  104M
  2550K .......... .......... .......... .......... ..........  107M
  2600K .......... .......... .......... .......... .......... 4.24M
  2650K .......... .......... .......... .......... .......... 1.76M
  2700K .......... .......... .......... .......... ..........  103M
  2750K .......... .......... .......... .......... .......... 83.7M
  2800K .......... .......... .......... .......... ..........  117M
  2850K .......... .......... .......... .......... .......... 93.5M
  2900K .......... .......... .......... .......... ..........  109M
  2950K .......... .......... .......... .......... ..........  113M
  3000K .......... .......... ..........                       92.9M=0.9s

2020-04-03 14:59:13 (3.35 MB/s) - ‘MERRA2_400.tavg1_2d_slv_Nx.20190103.nc4.nc4?T2M[0:23][0:100][0:575],time,lat[0:100],lon[0:575]’ saved [3103666]

--2020-04-03 14:59:13--  https://goldsmr4.gesdisc.eosdis.nasa.gov/opendap/MERRA2/M2T1NXSLV.5.12.4/2019/01/MERRA2_400.tavg1_2d_slv_Nx.20190104.nc4.nc4?T2M[0:23][0:100][0:575],time,lat[0:100],lon[0:575]
Connecting to goldsmr4.gesdisc.eosdis.nasa.gov (goldsmr4.gesdisc.eosdis.nasa.gov)|198.118.197.95|:443... connected.
HTTP request sent, awaiting response... 200 OK
Length: unspecified [application/x-netcdf]
Saving to: ‘MERRA2_400.tavg1_2d_slv_Nx.20190104.nc4.nc4?T2M[0:23][0:100][0:575],time,lat[0:100],lon[0:575]’

     0K .......... .......... .......... .......... ..........  474K
    50K .......... .......... .......... .......... .......... 1.08M
   100K .......... .......... .......... .......... .......... 1.12M
   150K .......... .......... .......... .......... .......... 1.16M
   200K .......... .......... .......... .......... .......... 1.17M
   250K .......... .......... .......... .......... ..........  843K
   300K .......... .......... .......... .......... .......... 67.7M
   350K .......... .......... .......... .......... .......... 1.03M
   400K .......... .......... .......... .......... .......... 39.5M
   450K .......... .......... .......... .......... .......... 1.24M
   500K .......... .......... .......... .......... .......... 28.4M
   550K .......... .......... .......... .......... .......... 21.7M
   600K .......... .......... .......... .......... .......... 1.24M
   650K .......... .......... .......... .......... .......... 48.3M
   700K .......... .......... .......... .......... .......... 1.24M
   750K .......... .......... .......... .......... .......... 28.6M
   800K .......... .......... .......... .......... .......... 27.7M
   850K .......... .......... .......... .......... .......... 1.15M
   900K .......... .......... .......... .......... .......... 35.1M
   950K .......... .......... .......... .......... .......... 54.2M
  1000K .......... .......... .......... .......... .......... 1.19M
  1050K .......... .......... .......... .......... ..........  114M
  1100K .......... .......... .......... .......... .......... 1.19M
  1150K .......... .......... .......... .......... ..........  102M
  1200K .......... .......... .......... .......... .......... 81.2M
  1250K .......... .......... .......... .......... .......... 1.19M
  1300K .......... .......... .......... .......... .......... 82.9M
  1350K .......... .......... .......... .......... ..........  117M
  1400K .......... .......... .......... .......... ..........  928K
  1450K .......... .......... .......... .......... ..........  109M
  1500K .......... .......... .......... .......... ..........  113M
  1550K .......... .......... .......... .......... ..........  128M
  1600K .......... .......... .......... .......... .......... 1.04M
  1650K .......... .......... .......... .......... .......... 44.6M
  1700K .......... .......... .......... .......... .......... 54.2M
  1750K .......... .......... .......... .......... .......... 1.24M
  1800K .......... .......... .......... .......... .......... 34.6M
  1850K .......... .......... .......... .......... .......... 72.1M
  1900K .......... .......... .......... .......... .......... 1.26M
  1950K .......... .......... .......... .......... .......... 30.3M
  2000K .......... .......... .......... .......... .......... 44.2M
  2050K .......... .......... .......... .......... .......... 66.4M
  2100K .......... .......... .......... .......... .......... 1.24M
  2150K .......... .......... .......... .......... .......... 44.7M
  2200K .......... .......... .......... .......... .......... 53.6M
  2250K .......... .......... .......... .......... .......... 57.8M
  2300K .......... .......... .......... .......... .......... 1.18M
  2350K .......... .......... .......... .......... .......... 74.4M
  2400K .......... .......... .......... .......... ..........  107M
  2450K .......... .......... .......... .......... ..........  117M
  2500K .......... .......... .......... .......... .......... 1.18M
  2550K .......... .......... .......... .......... ..........  119M
  2600K .......... .......... .......... .......... ..........  112M
  2650K .......... .......... .......... .......... .......... 77.2M
  2700K .......... .......... .......... .......... .......... 81.4M
  2750K .......... .......... .......... .......... .......... 1.21M
  2800K .......... .......... .......... .......... ..........  114M
  2850K .......... .......... .......... .......... .......... 88.2M
  2900K .......... .......... .......... .......... ..........  109M
  2950K .......... .......... .......... .......... .......... 1.21M
  3000K ....                                                   68.4M=1.1s

2020-04-03 14:59:21 (2.71 MB/s) - ‘MERRA2_400.tavg1_2d_slv_Nx.20190104.nc4.nc4?T2M[0:23][0:100][0:575],time,lat[0:100],lon[0:575]’ saved [3077020]

--2020-04-03 14:59:21--  https://goldsmr4.gesdisc.eosdis.nasa.gov/opendap/MERRA2/M2T1NXSLV.5.12.4/2019/01/MERRA2_400.tavg1_2d_slv_Nx.20190105.nc4.nc4?T2M[0:23][0:100][0:575],time,lat[0:100],lon[0:575]
Connecting to goldsmr4.gesdisc.eosdis.nasa.gov (goldsmr4.gesdisc.eosdis.nasa.gov)|198.118.197.95|:443... connected.
HTTP request sent, awaiting response... 200 OK
Length: unspecified [application/x-netcdf]
Saving to: ‘MERRA2_400.tavg1_2d_slv_Nx.20190105.nc4.nc4?T2M[0:23][0:100][0:575],time,lat[0:100],lon[0:575]’

     0K .......... .......... .......... .......... ..........  398K
    50K .......... .......... .......... .......... ..........  597K
   100K .......... .......... .......... .......... .......... 1.16M
   150K .......... .......... .......... .......... .......... 1.16M
   200K .......... .......... .......... .......... .......... 1.14M
   250K .......... .......... .......... .......... .......... 16.6M
   300K .......... .......... .......... .......... ..........  242K
   350K .......... .......... .......... .......... .......... 6.78M
   400K .......... .......... .......... .......... ..........  117M
   450K .......... .......... .......... .......... ..........  123M
   500K .......... .......... .......... .......... ..........  121M
   550K .......... .......... .......... .......... ..........  113M
   600K .......... .......... .......... .......... .......... 1.23M
   650K .......... .......... .......... .......... ..........  127M
   700K .......... .......... .......... .......... .......... 1.18M
   750K .......... .......... .......... .......... ..........  130M
   800K .......... .......... .......... .......... ..........  118M
   850K .......... .......... .......... .......... .......... 1.18M
   900K .......... .......... .......... .......... ..........  102M
   950K .......... .......... .......... .......... ..........  109M
  1000K .......... .......... .......... .......... .......... 1.19M
  1050K .......... .......... .......... .......... .......... 99.1M
  1100K .......... .......... .......... .......... .......... 75.6M
  1150K .......... .......... .......... .......... .......... 1.20M
  1200K .......... .......... .......... .......... ..........  122M
  1250K .......... .......... .......... .......... ..........  103M
  1300K .......... .......... .......... .......... ..........  116M
  1350K .......... .......... .......... .......... .......... 1.19M
  1400K .......... .......... .......... .......... .......... 37.9M
  1450K .......... .......... .......... .......... ..........  103M
  1500K .......... .......... .......... .......... .......... 65.3M
  1550K .......... .......... .......... .......... .......... 78.5M
  1600K .......... .......... .......... .......... .......... 1.24M
  1650K .......... .......... .......... .......... .......... 54.2M
  1700K .......... .......... .......... .......... .......... 86.4M
  1750K .......... .......... .......... .......... .......... 92.5M
  1800K .......... .......... .......... .......... .......... 68.1M
  1850K .......... .......... .......... .......... .......... 1.20M
  1900K .......... .......... .......... .......... .......... 39.9M
  1950K .......... .......... .......... .......... .......... 51.3M
  2000K .......... .......... .......... .......... .......... 61.0M
  2050K .......... .......... .......... .......... .......... 77.2M
  2100K .......... .......... .......... .......... .......... 1.30M
  2150K .......... .......... .......... .......... .......... 40.7M
  2200K .......... .......... .......... .......... .......... 58.7M
  2250K .......... .......... .......... .......... .......... 54.1M
  2300K .......... .......... .......... .......... .......... 58.0M
  2350K .......... .......... .......... .......... .......... 79.5M
  2400K .......... .......... .......... .......... .......... 59.7M
  2450K .......... .......... .......... .......... .......... 1.29M
  2500K .......... .......... .......... .......... .......... 33.4M
  2550K .......... .......... .......... .......... .......... 54.9M
  2600K .......... .......... .......... .......... ..........  103M
  2650K .......... .......... .......... .......... .......... 44.0M
  2700K .......... .......... .......... .......... .......... 74.7M
  2750K .......... .......... .......... .......... .......... 64.2M
  2800K .......... .......... .......... .......... .......... 1.36M
  2850K .......... .......... .......... .......... .......... 38.4M
  2900K .......... .......... .......... .......... .......... 53.7M
  2950K .......... .......... .......... .....                 76.6M=1.0s

2020-04-03 14:59:30 (2.86 MB/s) - ‘MERRA2_400.tavg1_2d_slv_Nx.20190105.nc4.nc4?T2M[0:23][0:100][0:575],time,lat[0:100],lon[0:575]’ saved [3057538]

--2020-04-03 14:59:30--  https://goldsmr4.gesdisc.eosdis.nasa.gov/opendap/MERRA2/M2T1NXSLV.5.12.4/2019/01/MERRA2_400.tavg1_2d_slv_Nx.20190106.nc4.nc4?T2M[0:23][0:100][0:575],time,lat[0:100],lon[0:575]
Connecting to goldsmr4.gesdisc.eosdis.nasa.gov (goldsmr4.gesdisc.eosdis.nasa.gov)|198.118.197.95|:443... connected.
HTTP request sent, awaiting response... 200 OK
Length: unspecified [application/x-netcdf]
Saving to: ‘MERRA2_400.tavg1_2d_slv_Nx.20190106.nc4.nc4?T2M[0:23][0:100][0:575],time,lat[0:100],lon[0:575]’

     0K .......... .......... .......... .......... ..........  376K
    50K .......... .......... .......... .......... .......... 1.15M
   100K .......... .......... .......... .......... ..........  508K
   150K .......... .......... .......... .......... ..........  867K
   200K .......... .......... .......... .......... .......... 1.16M
   250K .......... .......... .......... .......... .......... 1.92M
   300K .......... .......... .......... .......... .......... 2.63M
   350K .......... .......... .......... .......... ..........  888K
   400K .......... .......... .......... .......... ..........  125M
   450K .......... .......... .......... .......... ..........  889K
   500K .......... .......... .......... .......... ..........  131M
   550K .......... .......... .......... .......... .......... 1.17M
   600K .......... .......... .......... .......... ..........  104M
   650K .......... .......... .......... .......... .......... 1.18M
   700K .......... .......... .......... .......... .......... 78.3M
   750K .......... .......... .......... .......... .......... 8.74M
   800K .......... .......... .......... .......... ..........  941K
   850K .......... .......... .......... .......... ..........  133M
   900K .......... .......... .......... .......... ..........  877K
   950K .......... .......... .......... .......... ..........  131M
  1000K .......... .......... .......... .......... ..........  138M
  1050K .......... .......... .......... .......... .......... 1.17M
  1100K .......... .......... .......... .......... .......... 47.0M
  1150K .......... .......... .......... .......... .......... 1.21M
  1200K .......... .......... .......... .......... .......... 46.0M
  1250K .......... .......... .......... .......... .......... 59.0M
  1300K .......... .......... .......... .......... ..........  872K
  1350K .......... .......... .......... .......... ..........  134M
  1400K .......... .......... .......... .......... ..........  859K
  1450K .......... .......... .......... .......... ..........  104M
  1500K .......... .......... .......... .......... .......... 57.5M
  1550K .......... .......... .......... .......... .......... 1.19M
  1600K .......... .......... .......... .......... .......... 73.0M
  1650K .......... .......... .......... .......... .......... 95.8M
  1700K .......... .......... .......... .......... .......... 1.16M
  1750K .......... .......... .......... .......... .......... 49.0M
  1800K .......... .......... .......... .......... ..........  993K
  1850K .......... .......... .......... .......... ..........  110M
  1900K .......... .......... .......... .......... ..........  108M
  1950K .......... .......... .......... .......... ..........  814K
  2000K .......... .......... .......... .......... ..........  125M
  2050K .......... .......... .......... .......... .......... 1.18M
  2100K .......... .......... .......... .......... .......... 97.0M
  2150K .......... .......... .......... .......... ..........  112M
  2200K .......... .......... .......... .......... .......... 1.18M
  2250K .......... .......... .......... .......... ..........  135M
  2300K .......... .......... .......... .......... ..........  874K
  2350K .......... .......... .......... .......... ..........  110M
  2400K .......... .......... .......... .......... ..........  138M
  2450K .......... .......... .......... .......... ..........  862K
  2500K .......... .......... .......... .......... .......... 97.2M
  2550K .......... .......... .......... .......... ..........  131M
  2600K .......... .......... .......... .......... .......... 1.18M
  2650K .......... .......... .......... .......... .......... 82.2M
  2700K .......... .......... .......... .......... .......... 1.18M
  2750K .......... .......... .......... .......... ..........  112M
  2800K .......... .......... .......... .......... .......... 90.0M
  2850K .......... .......... .......... .......... ..........  889K
  2900K .......... .......... .......... .......... ..........  112M
  2950K .......... ....                                        93.3M=1.5s

2020-04-03 14:59:39 (1.96 MB/s) - ‘MERRA2_400.tavg1_2d_slv_Nx.20190106.nc4.nc4?T2M[0:23][0:100][0:575],time,lat[0:100],lon[0:575]’ saved [3035347]

--2020-04-03 14:59:39--  https://goldsmr4.gesdisc.eosdis.nasa.gov/opendap/MERRA2/M2T1NXSLV.5.12.4/2019/01/MERRA2_400.tavg1_2d_slv_Nx.20190107.nc4.nc4?T2M[0:23][0:100][0:575],time,lat[0:100],lon[0:575]
Connecting to goldsmr4.gesdisc.eosdis.nasa.gov (goldsmr4.gesdisc.eosdis.nasa.gov)|198.118.197.95|:443... connected.
HTTP request sent, awaiting response... 200 OK
Length: unspecified [application/x-netcdf]
Saving to: ‘MERRA2_400.tavg1_2d_slv_Nx.20190107.nc4.nc4?T2M[0:23][0:100][0:575],time,lat[0:100],lon[0:575]’

     0K .......... .......... .......... .......... ..........  403K
    50K .......... .......... .......... .......... .......... 1.16M
   100K .......... .......... .......... .......... .......... 1.15M
   150K .......... .......... .......... .......... .......... 1.16M
   200K .......... .......... .......... .......... .......... 1.21M
   250K .......... .......... .......... .......... .......... 18.1M
   300K .......... .......... .......... .......... .......... 1.24M
   350K .......... .......... .......... .......... .......... 1.17M
   400K .......... .......... .......... .......... .......... 77.6M
   450K .......... .......... .......... .......... .......... 22.5M
   500K .......... .......... .......... .......... .......... 1.23M
   550K .......... .......... .......... .......... .......... 29.1M
   600K .......... .......... .......... .......... .......... 63.0M
   650K .......... .......... .......... .......... .......... 1.23M
   700K .......... .......... .......... .......... .......... 36.3M
   750K .......... .......... .......... .......... .......... 63.1M
   800K .......... .......... .......... .......... .......... 1.23M
   850K .......... .......... .......... .......... ..........  101M
   900K .......... .......... .......... .......... .......... 38.1M
   950K .......... .......... .......... .......... .......... 66.5M
  1000K .......... .......... .......... .......... .......... 1.24M
  1050K .......... .......... .......... .......... ..........  107M
  1100K .......... .......... .......... .......... .......... 89.8M
  1150K .......... .......... .......... .......... .......... 42.8M
  1200K .......... .......... .......... .......... .......... 79.2M
  1250K .......... .......... .......... .......... .......... 1.24M
  1300K .......... .......... .......... .......... ..........  104M
  1350K .......... .......... .......... .......... .......... 76.5M
  1400K .......... .......... .......... .......... .......... 62.4M
  1450K .......... .......... .......... .......... .......... 86.1M
  1500K .......... .......... .......... .......... .......... 1.24M
  1550K .......... .......... .......... .......... ..........  116M
  1600K .......... .......... .......... .......... .......... 81.5M
  1650K .......... .......... .......... .......... .......... 87.6M
  1700K .......... .......... .......... .......... .......... 93.1M
  1750K .......... .......... .......... .......... .......... 94.2M
  1800K .......... .......... .......... .......... .......... 1.24M
  1850K .......... .......... .......... .......... .......... 98.1M
  1900K .......... .......... .......... .......... .......... 90.1M
  1950K .......... .......... .......... .......... ..........  108M
  2000K .......... .......... .......... .......... .......... 95.2M
  2050K .......... .......... .......... .......... ..........  120M
  2100K .......... .......... .......... .......... .......... 59.3M
  2150K .......... .......... .......... .......... .......... 1.26M
  2200K .......... .......... .......... .......... .......... 94.1M
  2250K .......... .......... .......... .......... ..........  106M
  2300K .......... .......... .......... .......... .......... 95.7M
  2350K .......... .......... .......... .......... ..........  116M
  2400K .......... .......... .......... .......... ..........  106M
  2450K .......... .......... .......... .......... ..........  106M
  2500K .......... .......... .......... .......... ..........  105M
  2550K .......... .......... .......... .......... .......... 1.26M
  2600K .......... .......... .......... .......... ..........  113M
  2650K .......... .......... .......... .......... .......... 89.3M
  2700K .......... .......... .......... .......... ..........  105M
  2750K .......... .......... .......... .......... ..........  111M
  2800K .......... .......... .......... .......... ..........  125M
  2850K .......... .......... .......... .......... .......... 60.3M
  2900K .......... .......... .......... .......... ..........  118M
  2950K .......... .........                                    107M=0.8s

2020-04-03 14:59:48 (3.83 MB/s) - ‘MERRA2_400.tavg1_2d_slv_Nx.20190107.nc4.nc4?T2M[0:23][0:100][0:575],time,lat[0:100],lon[0:575]’ saved [3041279]

--2020-04-03 14:59:48--  https://goldsmr4.gesdisc.eosdis.nasa.gov/opendap/MERRA2/M2T1NXSLV.5.12.4/2019/01/MERRA2_400.tavg1_2d_slv_Nx.20190108.nc4.nc4?T2M[0:23][0:100][0:575],time,lat[0:100],lon[0:575]
Connecting to goldsmr4.gesdisc.eosdis.nasa.gov (goldsmr4.gesdisc.eosdis.nasa.gov)|198.118.197.95|:443... connected.
HTTP request sent, awaiting response... 200 OK
Length: unspecified [application/x-netcdf]
Saving to: ‘MERRA2_400.tavg1_2d_slv_Nx.20190108.nc4.nc4?T2M[0:23][0:100][0:575],time,lat[0:100],lon[0:575]’

     0K .......... .......... .......... .......... ..........  406K
    50K .......... .......... .......... .......... .......... 1.09M
   100K .......... .......... .......... .......... .......... 1.17M
   150K .......... .......... .......... .......... .......... 1.15M
   200K .......... .......... .......... .......... .......... 39.4M
   250K .......... .......... .......... .......... .......... 1.19M
   300K .......... .......... .......... .......... .......... 54.6M
   350K .......... .......... .......... .......... .......... 1.20M
   400K .......... .......... .......... .......... .......... 53.9M
   450K .......... .......... .......... .......... .......... 1.25M
   500K .......... .......... .......... .......... .......... 21.7M
   550K .......... .......... .......... .......... .......... 60.0M
   600K .......... .......... .......... .......... .......... 1.26M
   650K .......... .......... .......... .......... .......... 26.1M
   700K .......... .......... .......... .......... .......... 48.7M
   750K .......... .......... .......... .......... .......... 77.0M
   800K .......... .......... .......... .......... .......... 1.26M
   850K .......... .......... .......... .......... .......... 31.6M
   900K .......... .......... .......... .......... .......... 50.5M
   950K .......... .......... .......... .......... .......... 81.1M
  1000K .......... .......... .......... .......... ..........  123M
  1050K .......... .......... .......... .......... .......... 1.26M
  1100K .......... .......... .......... .......... .......... 26.4M
  1150K .......... .......... .......... .......... .......... 93.8M
  1200K .......... .......... .......... .......... .......... 88.4M
  1250K .......... .......... .......... .......... .......... 95.1M
  1300K .......... .......... .......... .......... .......... 1.27M
  1350K .......... .......... .......... .......... .......... 38.0M
  1400K .......... .......... .......... .......... .......... 61.6M
  1450K .......... .......... .......... .......... .......... 94.1M
  1500K .......... .......... .......... .......... ..........  120M
  1550K .......... .......... .......... .......... ..........  106M
  1600K .......... .......... .......... .......... .......... 1.27M
  1650K .......... .......... .......... .......... .......... 45.1M
  1700K .......... .......... .......... .......... .......... 62.0M
  1750K .......... .......... .......... .......... .......... 89.1M
  1800K .......... .......... .......... .......... ..........  108M
  1850K .......... .......... .......... .......... ..........  108M
  1900K .......... .......... .......... .......... .......... 1.27M
  1950K .......... .......... .......... .......... .......... 65.7M
  2000K .......... .......... .......... .......... .......... 30.8M
  2050K .......... .......... .......... .......... .......... 55.1M
  2100K .......... .......... .......... .......... .......... 85.5M
  2150K .......... .......... .......... .......... ..........  105M
  2200K .......... .......... .......... .......... ..........  112M
  2250K .......... .......... .......... .......... .......... 1.31M
  2300K .......... .......... .......... .......... .......... 54.2M
  2350K .......... .......... .......... .......... .......... 34.0M
  2400K .......... .......... .......... .......... .......... 60.7M
  2450K .......... .......... .......... .......... ..........  105M
  2500K .......... .......... .......... .......... .......... 87.8M
  2550K .......... .......... .......... .......... ..........  107M
  2600K .......... .......... .......... .......... ..........  126M
  2650K .......... .......... .......... .......... .......... 1.31M
  2700K .......... .......... .......... .......... .......... 86.7M
  2750K .......... .......... .......... .......... .......... 36.8M
  2800K .......... .......... .......... .......... .......... 91.9M
  2850K .......... .......... .......... .......... .......... 58.3M
  2900K .......... .......... .......... .......... ..........  115M
  2950K .......... .                                            157M=0.7s

2020-04-03 14:59:56 (4.04 MB/s) - ‘MERRA2_400.tavg1_2d_slv_Nx.20190108.nc4.nc4?T2M[0:23][0:100][0:575],time,lat[0:100],lon[0:575]’ saved [3032805]

--2020-04-03 14:59:56--  https://goldsmr4.gesdisc.eosdis.nasa.gov/opendap/MERRA2/M2T1NXSLV.5.12.4/2019/01/MERRA2_400.tavg1_2d_slv_Nx.20190109.nc4.nc4?T2M[0:23][0:100][0:575],time,lat[0:100],lon[0:575]
Connecting to goldsmr4.gesdisc.eosdis.nasa.gov (goldsmr4.gesdisc.eosdis.nasa.gov)|198.118.197.95|:443... connected.
HTTP request sent, awaiting response... 200 OK
Length: unspecified [application/x-netcdf]
Saving to: ‘MERRA2_400.tavg1_2d_slv_Nx.20190109.nc4.nc4?T2M[0:23][0:100][0:575],time,lat[0:100],lon[0:575]’

     0K .......... .......... .......... .......... ..........  407K
    50K .......... .......... .......... .......... .......... 1.09M
   100K .......... .......... .......... .......... .......... 1.17M
   150K .......... .......... .......... .......... .......... 1.22M
   200K .......... .......... .......... .......... .......... 17.6M
   250K .......... .......... .......... .......... .......... 1.24M
   300K .......... .......... .......... .......... .......... 18.9M
   350K .......... .......... .......... .......... ..........  942K
   400K .......... .......... .......... .......... ..........  108M
   450K .......... .......... .......... .......... .......... 6.53M
   500K .......... .......... .......... .......... .......... 1.43M
   550K .......... .......... .......... .......... ..........  115M
   600K .......... .......... .......... .......... ..........  130M
   650K .......... .......... .......... .......... .......... 1.18M
   700K .......... .......... .......... .......... ..........  112M
   750K .......... .......... .......... .......... ..........  109M
   800K .......... .......... .......... .......... .......... 1.16M
   850K .......... .......... .......... .......... .......... 76.2M
   900K .......... .......... .......... .......... .......... 47.4M
   950K .......... .......... .......... .......... .......... 1.23M
  1000K .......... .......... .......... .......... .......... 75.9M
  1050K .......... .......... .......... .......... .......... 85.8M
  1100K .......... .......... .......... .......... .......... 57.7M
  1150K .......... .......... .......... .......... .......... 1.23M
  1200K .......... .......... .......... .......... .......... 78.4M
  1250K .......... .......... .......... .......... .......... 78.1M
  1300K .......... .......... .......... .......... ..........  113M
  1350K .......... .......... .......... .......... .......... 64.7M
  1400K .......... .......... .......... .......... .......... 86.4M
  1450K .......... .......... .......... .......... .......... 1.23M
  1500K .......... .......... .......... .......... ..........  117M
  1550K .......... .......... .......... .......... .......... 87.8M
  1600K .......... .......... .......... .......... .......... 92.6M
  1650K .......... .......... .......... .......... .......... 96.3M
  1700K .......... .......... .......... .......... .......... 1.23M
  1750K .......... .......... .......... .......... .......... 55.0M
  1800K .......... .......... .......... .......... .......... 62.8M
  1850K .......... .......... .......... .......... .......... 67.0M
  1900K .......... .......... .......... .......... .......... 92.2M
  1950K .......... .......... .......... .......... ..........  126M
  2000K .......... .......... .......... .......... .......... 1.26M
  2050K .......... .......... .......... .......... .......... 71.4M
  2100K .......... .......... .......... .......... .......... 78.0M
  2150K .......... .......... .......... .......... .......... 70.3M
  2200K .......... .......... .......... .......... .......... 84.1M
  2250K .......... .......... .......... .......... ..........  127M
  2300K .......... .......... .......... .......... .......... 83.7M
  2350K .......... .......... .......... .......... .......... 1.27M
  2400K .......... .......... .......... .......... .......... 79.6M
  2450K .......... .......... .......... .......... ..........  103M
  2500K .......... .......... .......... .......... .......... 82.8M
  2550K .......... .......... .......... .......... .......... 89.1M
  2600K .......... .......... .......... .......... ..........  105M
  2650K .......... .......... .......... .......... .......... 85.6M
  2700K .......... .......... .......... .......... ..........  127M
  2750K .......... .......... .......... .......... .......... 1.28M
  2800K .......... .......... .......... .......... .......... 86.8M
  2850K .......... .......... .......... .......... .......... 80.1M
  2900K .......... .......... .......... .......... ..........  112M
  2950K .........                                               129M=0.8s

2020-04-03 15:00:05 (3.76 MB/s) - ‘MERRA2_400.tavg1_2d_slv_Nx.20190109.nc4.nc4?T2M[0:23][0:100][0:575],time,lat[0:100],lon[0:575]’ saved [3030175]

--2020-04-03 15:00:05--  https://goldsmr4.gesdisc.eosdis.nasa.gov/opendap/MERRA2/M2T1NXSLV.5.12.4/2019/01/MERRA2_400.tavg1_2d_slv_Nx.20190110.nc4.nc4?T2M[0:23][0:100][0:575],time,lat[0:100],lon[0:575]
Connecting to goldsmr4.gesdisc.eosdis.nasa.gov (goldsmr4.gesdisc.eosdis.nasa.gov)|198.118.197.95|:443... connected.
HTTP request sent, awaiting response... 200 OK
Length: unspecified [application/x-netcdf]
Saving to: ‘MERRA2_400.tavg1_2d_slv_Nx.20190110.nc4.nc4?T2M[0:23][0:100][0:575],time,lat[0:100],lon[0:575]’

     0K .......... .......... .......... .......... ..........  397K
    50K .......... .......... .......... .......... .......... 1.14M
   100K .......... .......... .......... .......... ..........  596K
   150K .......... .......... .......... .......... .......... 1.16M
   200K .......... .......... .......... .......... .......... 1.16M
   250K .......... .......... .......... .......... .......... 1.15M
   300K .......... .......... .......... .......... .......... 25.0M
   350K .......... .......... .......... .......... .......... 1.19M
   400K .......... .......... .......... .......... .......... 1.19M
   450K .......... .......... .......... .......... .......... 40.7M
   500K .......... .......... .......... .......... .......... 1.20M
   550K .......... .......... .......... .......... .......... 40.2M
   600K .......... .......... .......... .......... .......... 51.0M
   650K .......... .......... .......... .......... .......... 1.21M
   700K .......... .......... .......... .......... .......... 56.7M
   750K .......... .......... .......... .......... .......... 1.23M
   800K .......... .......... .......... .......... .......... 20.2M
   850K .......... .......... .......... .......... .......... 54.6M
   900K .......... .......... .......... .......... .......... 44.2M
   950K .......... .......... .......... .......... .......... 1.24M
  1000K .......... .......... .......... .......... .......... 46.0M
  1050K .......... .......... .......... .......... .......... 68.2M
  1100K .......... .......... .......... .......... .......... 1.29M
  1150K .......... .......... .......... .......... .......... 21.3M
  1200K .......... .......... .......... .......... .......... 63.1M
  1250K .......... .......... .......... .......... .......... 67.6M
  1300K .......... .......... .......... .......... .......... 70.4M
  1350K .......... .......... .......... .......... .......... 1.29M
  1400K .......... .......... .......... .......... .......... 22.0M
  1450K .......... .......... .......... .......... .......... 43.7M
  1500K .......... .......... .......... .......... .......... 66.4M
  1550K .......... .......... .......... .......... .......... 73.1M
  1600K .......... .......... .......... .......... .......... 1.33M
  1650K .......... .......... .......... .......... .......... 24.2M
  1700K .......... .......... .......... .......... .......... 72.3M
  1750K .......... .......... .......... .......... .......... 65.4M
  1800K .......... .......... .......... .......... .......... 49.0M
  1850K .......... .......... .......... .......... .......... 74.3M
  1900K .......... .......... .......... .......... .......... 81.4M
  1950K .......... .......... .......... .......... .......... 1.30M
  2000K .......... .......... .......... .......... .......... 26.8M
  2050K .......... .......... .......... .......... ..........  120M
  2100K .......... .......... .......... .......... .......... 88.1M
  2150K .......... .......... .......... .......... ..........  127M
  2200K .......... .......... .......... .......... ..........  108M
  2250K .......... .......... .......... .......... .......... 75.2M
  2300K .......... .......... .......... .......... .......... 94.4M
  2350K .......... .......... .......... .......... .......... 1.31M
  2400K .......... .......... .......... .......... .......... 27.9M
  2450K .......... .......... .......... .......... ..........  104M
  2500K .......... .......... .......... .......... .......... 88.8M
  2550K .......... .......... .......... .......... ..........  124M
  2600K .......... .......... .......... .......... ..........  107M
  2650K .......... .......... .......... .......... .......... 94.6M
  2700K .......... .......... .......... .......... .......... 94.6M
  2750K .......... .......... .......... .......... ..........  109M
  2800K .......... .......... .......... .......... .......... 1.32M
  2850K .......... .......... .......... .......... .......... 29.2M
  2900K .......... .......... ....                              104M=0.9s

2020-04-03 15:00:14 (3.23 MB/s) - ‘MERRA2_400.tavg1_2d_slv_Nx.20190110.nc4.nc4?T2M[0:23][0:100][0:575],time,lat[0:100],lon[0:575]’ saved [2994179]

--2020-04-03 15:00:14--  https://goldsmr4.gesdisc.eosdis.nasa.gov/opendap/MERRA2/M2T1NXSLV.5.12.4/2019/01/MERRA2_400.tavg1_2d_slv_Nx.20190111.nc4.nc4?T2M[0:23][0:100][0:575],time,lat[0:100],lon[0:575]
Connecting to goldsmr4.gesdisc.eosdis.nasa.gov (goldsmr4.gesdisc.eosdis.nasa.gov)|198.118.197.95|:443... connected.
HTTP request sent, awaiting response... slurmstepd: error: *** JOB 4478746 ON shas0113 CANCELLED AT 2020-04-03T15:00:15 DUE TO TIME LIMIT ***
